
> cosmotiba-sphere@0.0.0 build
> vite build

vite v4.5.14 building for production...
transforming...
✓ 182 modules transformed.
✓ built in 1.26s
[vite]: Rollup failed to resolve import "@emailjs/browser" from "/Users/mattparol/Desktop/Projekty/gsaptesting/src/utils/email.js".
This is most likely unintended because it can break your application at runtime.
If you do want to externalize this module explicitly add it to
`build.rollupOptions.external`
error during build:
Error: [vite]: Rollup failed to resolve import "@emailjs/browser" from "/Users/mattparol/Desktop/Projekty/gsaptesting/src/utils/email.js".
This is most likely unintended because it can break your application at runtime.
If you do want to externalize this module explicitly add it to
`build.rollupOptions.external`
    at viteWarn (file:///Users/mattparol/Desktop/Projekty/gsaptesting/node_modules/vite/dist/node/chunks/dep-827b23df.js:48272:27)
    at onwarn (file:///Users/mattparol/Desktop/Projekty/gsaptesting/node_modules/@vitejs/plugin-react/dist/index.js:90:7)
    at onRollupWarning (file:///Users/mattparol/Desktop/Projekty/gsaptesting/node_modules/vite/dist/node/chunks/dep-827b23df.js:48301:9)
    at onwarn (file:///Users/mattparol/Desktop/Projekty/gsaptesting/node_modules/vite/dist/node/chunks/dep-827b23df.js:48032:13)
    at file:///Users/mattparol/Desktop/Projekty/gsaptesting/node_modules/rollup/dist/es/shared/node-entry.js:24276:13
    at Object.logger [as onLog] (file:///Users/mattparol/Desktop/Projekty/gsaptesting/node_modules/rollup/dist/es/shared/node-entry.js:25950:9)
    at ModuleLoader.handleInvalidResolvedId (file:///Users/mattparol/Desktop/Projekty/gsaptesting/node_modules/rollup/dist/es/shared/node-entry.js:24862:26)
    at file:///Users/mattparol/Desktop/Projekty/gsaptesting/node_modules/rollup/dist/es/shared/node-entry.js:24822:26
